<?xml version="1.0" encoding="UTF-8"?>
<!-- Generated by org.testng.reporters.JUnitReportReporter -->
<testsuite skipped="0" hostname="DESKTOP-IHDG9BJ" name="com.blazedemo.qa.testcases.SmokeSuite" tests="4" failures="0" timestamp="24 Jan 2021 13:15:42 GMT" time="32.453" errors="0">
  <testcase name="validateUIElementsOfPurchasePage" time="9.551" classname="com.blazedemo.qa.testcases.SmokeSuite"/>
  <testcase name="validateFromCitiesDropdown" time="7.194" classname="com.blazedemo.qa.testcases.SmokeSuite"/>
  <testcase name="validateToCitiesDropdown" time="7.445" classname="com.blazedemo.qa.testcases.SmokeSuite"/>
  <testcase name="validateSearchResultsHeader" time="8.263" classname="com.blazedemo.qa.testcases.SmokeSuite"/>
</testsuite> <!-- com.blazedemo.qa.testcases.SmokeSuite -->
