<?xml version="1.0" encoding="UTF-8"?>
<!-- Generated by org.testng.reporters.JUnitReportReporter -->
<testsuite skipped="0" hostname="DESKTOP-IHDG9BJ" name="com.blazedemo.qa.testcases.E2ESuite" tests="2" failures="0" timestamp="24 Jan 2021 13:16:20 GMT" time="22.877" errors="0">
  <testcase name="bookTicket" time="11.736" classname="com.blazedemo.qa.testcases.E2ESuite"/>
  <testcase name="bookTicket" time="11.141" classname="com.blazedemo.qa.testcases.E2ESuite"/>
</testsuite> <!-- com.blazedemo.qa.testcases.E2ESuite -->
